mod	trans_guid	split_guid	time_now	date_entered	date_posted	acc_guid	acc_name	num	description	notes	memo	action	reconciled	amount	value	date_reconciled
-----------------
===== START
===== END
===== START
C	818cc5f845fed49453ee8cdfbb86550c	1a3d3a5971fcb68da8d5c47811c95bc2	2019-04-11 10:26:09.000000 -0700	2019-04-11 10:26:09.000000 -0700	2019-04-11 03:59:00.000000 -0700	faf1d5800ffbff9533a8a735ff6eefdd	Checking Account						n	584852/100	584852/100	1969-12-31 16:00:00.000000 -0800
C	818cc5f845fed49453ee8cdfbb86550c	3401394632115d05c0c67231f711c797	2019-04-11 10:26:09.000000 -0700	2019-04-11 10:26:09.000000 -0700	2019-04-11 03:59:00.000000 -0700	3fae81bc408cb4e201a962c6e44c08d1	Imbalance-USD						n	-584852/100	-584852/100	1969-12-31 16:00:00.000000 -0800
===== END
===== START
===== END
===== START
D	e9ba9beeeb26ab4ae9b2ea611b2d507c	5e1de7d5c38811f0afd385cea30aad5d	2019-04-11 10:26:13.000000 -0700	2019-04-11 10:26:13.000000 -0700	2019-04-11 03:59:00.000000 -0700								n	0/1	0/100	1969-12-31 16:00:00.000000 -0800
===== END
===== START
===== END
===== START
C	b8047e2b47d86080c91d1a3c00336fa1	769c892a9c1003102665cbd058673071	2019-04-11 10:26:46.000000 -0700	2019-04-11 10:26:46.000000 -0700	2019-04-11 03:59:00.000000 -0700	84818a52d5861640d1b14d7144194709	Savings						n	220081/100	220081/100	1969-12-31 16:00:00.000000 -0800
C	b8047e2b47d86080c91d1a3c00336fa1	c073a46aa6efd6ffed9fdbec5fcfed39	2019-04-11 10:26:46.000000 -0700	2019-04-11 10:26:46.000000 -0700	2019-04-11 03:59:00.000000 -0700	3fae81bc408cb4e201a962c6e44c08d1	Imbalance-USD						n	-220081/100	-220081/100	1969-12-31 16:00:00.000000 -0800
===== END
===== START
===== END
===== START
D	766c8461adf81f7ffc40cc9863167962	1ef4dc815bcdb51d9bfccbc955056e14	2019-04-11 10:26:49.000000 -0700	2019-04-11 10:26:49.000000 -0700	2019-04-11 03:59:00.000000 -0700								n	0/1	0/100	1969-12-31 16:00:00.000000 -0800
===== END
===== START
===== END
===== START
D	ee836a9ef8a440469b4538b08b114b00	0b6af217894c389c44458f681a317275	2019-04-11 10:27:00.000000 -0700	2019-04-11 10:27:00.000000 -0700	2019-04-11 03:59:00.000000 -0700								n	0/1	0/100	1969-12-31 16:00:00.000000 -0800
===== END
===== START
===== END
===== START
===== END
===== START
D	3a05d85d183e00901c1269e6faae27e5	602b3fdb007b98c2fec5715f62980d98	2019-04-11 10:27:17.000000 -0700	2019-04-11 10:27:17.000000 -0700	2019-04-11 03:59:00.000000 -0700								n	0/1	0/100	1969-12-31 16:00:00.000000 -0800
===== END
===== START
C	5edcf635d54fc088982798246eb5ae1c	e85a733e0e945a50a17b571052d6a1a6	2019-04-11 10:27:22.000000 -0700	2019-04-11 10:27:22.000000 -0700	2019-04-11 03:59:00.000000 -0700	faf1d5800ffbff9533a8a735ff6eefdd	Checking Account						n	0/100	0/100	1969-12-31 16:00:00.000000 -0800
===== END
===== START
===== END
===== START
D	24d6d6905cdc4d2c77c7b7a0e955be90	934f44cb88cea49971f7992dbdf4dadb	2019-04-11 10:27:22.000000 -0700	2019-04-11 10:27:22.000000 -0700	2019-04-11 03:59:00.000000 -0700								n	0/1	0/100	1969-12-31 16:00:00.000000 -0800
===== END
===== START
===== END
===== START
B	818cc5f845fed49453ee8cdfbb86550c	1a3d3a5971fcb68da8d5c47811c95bc2	2019-04-11 10:29:44.000000 -0700	2019-04-11 10:26:09.000000 -0700	2019-04-11 03:59:00.000000 -0700	faf1d5800ffbff9533a8a735ff6eefdd	Checking Account						n	584852/100	584852/100	1969-12-31 16:00:00.000000 -0800
B	818cc5f845fed49453ee8cdfbb86550c	3401394632115d05c0c67231f711c797	2019-04-11 10:29:44.000000 -0700	2019-04-11 10:26:09.000000 -0700	2019-04-11 03:59:00.000000 -0700	3fae81bc408cb4e201a962c6e44c08d1	Imbalance-USD						n	-584852/100	-584852/100	1969-12-31 16:00:00.000000 -0800
===== END
===== START
C	818cc5f845fed49453ee8cdfbb86550c	1a3d3a5971fcb68da8d5c47811c95bc2	2019-04-11 10:29:44.000000 -0700	2019-04-11 10:26:09.000000 -0700	2019-04-11 03:59:00.000000 -0700	faf1d5800ffbff9533a8a735ff6eefdd	Checking Account		starting				n	584852/100	584852/100	1969-12-31 16:00:00.000000 -0800
C	818cc5f845fed49453ee8cdfbb86550c	3401394632115d05c0c67231f711c797	2019-04-11 10:29:44.000000 -0700	2019-04-11 10:26:09.000000 -0700	2019-04-11 03:59:00.000000 -0700	faf1d5800ffbff9533a8a735ff6eefdd	Checking Account		starting				n	-584852/100	-584852/100	1969-12-31 16:00:00.000000 -0800
===== END
===== START
D	b194206e96164d020b1c15e083f5a207	ac37140057d2b43ff1f104645f35c4b7	2019-04-11 10:29:45.000000 -0700	2019-04-11 10:29:45.000000 -0700	2019-04-11 03:59:00.000000 -0700								n	0/1	0/100	1969-12-31 16:00:00.000000 -0800
===== END
===== START
===== END
===== START
B	b8047e2b47d86080c91d1a3c00336fa1	769c892a9c1003102665cbd058673071	2019-04-11 10:30:01.000000 -0700	2019-04-11 10:26:46.000000 -0700	2019-04-11 03:59:00.000000 -0700	84818a52d5861640d1b14d7144194709	Savings						n	220081/100	220081/100	1969-12-31 16:00:00.000000 -0800
B	b8047e2b47d86080c91d1a3c00336fa1	c073a46aa6efd6ffed9fdbec5fcfed39	2019-04-11 10:30:01.000000 -0700	2019-04-11 10:26:46.000000 -0700	2019-04-11 03:59:00.000000 -0700	3fae81bc408cb4e201a962c6e44c08d1	Imbalance-USD						n	-220081/100	-220081/100	1969-12-31 16:00:00.000000 -0800
===== END
===== START
C	b8047e2b47d86080c91d1a3c00336fa1	769c892a9c1003102665cbd058673071	2019-04-11 10:30:01.000000 -0700	2019-04-11 10:26:46.000000 -0700	2019-04-11 03:59:00.000000 -0700	84818a52d5861640d1b14d7144194709	Savings		Starting				n	220081/100	220081/100	1969-12-31 16:00:00.000000 -0800
C	b8047e2b47d86080c91d1a3c00336fa1	c073a46aa6efd6ffed9fdbec5fcfed39	2019-04-11 10:30:01.000000 -0700	2019-04-11 10:26:46.000000 -0700	2019-04-11 03:59:00.000000 -0700	84818a52d5861640d1b14d7144194709	Savings		Starting				n	-220081/100	-220081/100	1969-12-31 16:00:00.000000 -0800
===== END
===== START
B	b8047e2b47d86080c91d1a3c00336fa1	769c892a9c1003102665cbd058673071	2019-04-11 10:30:22.000000 -0700	2019-04-11 10:26:46.000000 -0700	2019-04-11 03:59:00.000000 -0700	84818a52d5861640d1b14d7144194709	Savings		Starting				n	220081/100	220081/100	1969-12-31 16:00:00.000000 -0800
B	b8047e2b47d86080c91d1a3c00336fa1	c073a46aa6efd6ffed9fdbec5fcfed39	2019-04-11 10:30:22.000000 -0700	2019-04-11 10:26:46.000000 -0700	2019-04-11 03:59:00.000000 -0700	84818a52d5861640d1b14d7144194709	Savings		Starting				n	-220081/100	-220081/100	1969-12-31 16:00:00.000000 -0800
===== END
===== START
D	b8047e2b47d86080c91d1a3c00336fa1	769c892a9c1003102665cbd058673071	2019-04-11 10:30:22.000000 -0700	2019-04-11 10:26:46.000000 -0700	2019-04-11 03:59:00.000000 -0700	84818a52d5861640d1b14d7144194709	Savings		Starting				n	220081/100	220081/100	1969-12-31 16:00:00.000000 -0800
D	b8047e2b47d86080c91d1a3c00336fa1	c073a46aa6efd6ffed9fdbec5fcfed39	2019-04-11 10:30:22.000000 -0700	2019-04-11 10:26:46.000000 -0700	2019-04-11 03:59:00.000000 -0700	84818a52d5861640d1b14d7144194709	Savings		Starting				n	-220081/100	-220081/100	1969-12-31 16:00:00.000000 -0800
===== END
===== START
C	fb624a6b7df205895b881a4b9cbed1d0	422e6632937f36b846da0795acc376df	2019-04-11 10:30:41.000000 -0700	2019-04-11 10:30:41.000000 -0700	2019-04-11 03:59:00.000000 -0700	84818a52d5861640d1b14d7144194709	Savings		Starting				n	220081/100	220081/100	1969-12-31 16:00:00.000000 -0800
C	fb624a6b7df205895b881a4b9cbed1d0	b2e5945724a5bc0a822f83d276c44a75	2019-04-11 10:30:41.000000 -0700	2019-04-11 10:30:41.000000 -0700	2019-04-11 03:59:00.000000 -0700	84818a52d5861640d1b14d7144194709	Savings		Starting				n	-220081/100	-220081/100	1969-12-31 16:00:00.000000 -0800
===== END
===== START
===== END
===== START
B	fb624a6b7df205895b881a4b9cbed1d0	422e6632937f36b846da0795acc376df	2019-04-11 10:31:07.000000 -0700	2019-04-11 10:30:41.000000 -0700	2019-04-11 03:59:00.000000 -0700	84818a52d5861640d1b14d7144194709	Savings		Starting				n	220081/100	220081/100	1969-12-31 16:00:00.000000 -0800
B	fb624a6b7df205895b881a4b9cbed1d0	b2e5945724a5bc0a822f83d276c44a75	2019-04-11 10:31:07.000000 -0700	2019-04-11 10:30:41.000000 -0700	2019-04-11 03:59:00.000000 -0700	84818a52d5861640d1b14d7144194709	Savings		Starting				n	-220081/100	-220081/100	1969-12-31 16:00:00.000000 -0800
===== END
===== START
C	fb624a6b7df205895b881a4b9cbed1d0	422e6632937f36b846da0795acc376df	2019-04-11 10:31:07.000000 -0700	2019-04-11 10:30:41.000000 -0700	2019-04-11 03:59:00.000000 -0700	84818a52d5861640d1b14d7144194709	Savings		Starting				n	-220081/100	-220081/100	1969-12-31 16:00:00.000000 -0800
C	fb624a6b7df205895b881a4b9cbed1d0	b2e5945724a5bc0a822f83d276c44a75	2019-04-11 10:31:07.000000 -0700	2019-04-11 10:30:41.000000 -0700	2019-04-11 03:59:00.000000 -0700	84818a52d5861640d1b14d7144194709	Savings		Starting				n	220081/100	220081/100	1969-12-31 16:00:00.000000 -0800
===== END
