mod	trans_guid	split_guid	time_now	date_entered	date_posted	acc_guid	acc_name	num	description	notes	memo	action	reconciled	amount	value	date_reconciled
-----------------
===== START
===== END
===== START
C	89679e796f32f40c20ee6da89cd9d079	63f7242b677f491833eb1c6f0d63353f	2019-04-11 11:17:03.000000 -0700	2019-04-11 11:17:03.000000 -0700	2019-04-11 03:59:00.000000 -0700	faf1d5800ffbff9533a8a735ff6eefdd	Checking Account		Billingan 				n	-9792/100	-9792/100	1969-12-31 16:00:00.000000 -0800
C	89679e796f32f40c20ee6da89cd9d079	010044204b1fe4c23abeb0342ca6b456	2019-04-11 11:17:03.000000 -0700	2019-04-11 11:17:03.000000 -0700	2019-04-11 03:59:00.000000 -0700	19d008dfc713c27390f3d3c2bab9686d	Schooling		Billingan 				n	9792/100	9792/100	1969-12-31 16:00:00.000000 -0800
===== END
===== START
===== END
===== START
B	89679e796f32f40c20ee6da89cd9d079	010044204b1fe4c23abeb0342ca6b456	2019-04-11 11:17:40.000000 -0700	2019-04-11 11:17:03.000000 -0700	2019-04-11 03:59:00.000000 -0700	19d008dfc713c27390f3d3c2bab9686d	Schooling		Billingan 				n	9792/100	9792/100	1969-12-31 16:00:00.000000 -0800
B	89679e796f32f40c20ee6da89cd9d079	63f7242b677f491833eb1c6f0d63353f	2019-04-11 11:17:40.000000 -0700	2019-04-11 11:17:03.000000 -0700	2019-04-11 03:59:00.000000 -0700	faf1d5800ffbff9533a8a735ff6eefdd	Checking Account		Billingan 				n	-9792/100	-9792/100	1969-12-31 16:00:00.000000 -0800
===== END
===== START
C	89679e796f32f40c20ee6da89cd9d079	010044204b1fe4c23abeb0342ca6b456	2019-04-11 11:17:40.000000 -0700	2019-04-11 11:17:03.000000 -0700	2019-04-11 03:59:00.000000 -0700	6972ca868d05ae239fb6d79faee626c4	Medical		Doctor				n	9792/100	9792/100	1969-12-31 16:00:00.000000 -0800
C	89679e796f32f40c20ee6da89cd9d079	63f7242b677f491833eb1c6f0d63353f	2019-04-11 11:17:40.000000 -0700	2019-04-11 11:17:03.000000 -0700	2019-04-11 03:59:00.000000 -0700	faf1d5800ffbff9533a8a735ff6eefdd	Checking Account		Doctor				n	-9792/100	-9792/100	1969-12-31 16:00:00.000000 -0800
===== END
===== START
B	6d89d83bc767e4f5056415ad597c8901	85fe4953929f32d6d03bd1a20d4f4c0f	2019-04-11 11:17:55.000000 -0700	2019-04-11 10:37:07.000000 -0700	2019-04-11 03:59:00.000000 -0700	d10a8af29b7591a68b85a06801f632ba	Auto	2065	Greg's Japanese Auto				n	339169/100	339169/100	1969-12-31 16:00:00.000000 -0800
B	6d89d83bc767e4f5056415ad597c8901	7fad0733026154de26c96bdc5ce118b5	2019-04-11 11:17:55.000000 -0700	2019-04-11 10:37:07.000000 -0700	2019-04-11 03:59:00.000000 -0700	faf1d5800ffbff9533a8a735ff6eefdd	Checking Account	2065	Greg's Japanese Auto				n	-339169/100	-339169/100	1969-12-31 16:00:00.000000 -0800
===== END
===== START
C	6d89d83bc767e4f5056415ad597c8901	85fe4953929f32d6d03bd1a20d4f4c0f	2019-04-11 11:17:55.000000 -0700	2019-04-11 10:37:07.000000 -0700	2019-04-10 03:59:00.000000 -0700	d10a8af29b7591a68b85a06801f632ba	Auto	2065	Greg's Japanese Auto				n	339169/100	339169/100	1969-12-31 16:00:00.000000 -0800
C	6d89d83bc767e4f5056415ad597c8901	7fad0733026154de26c96bdc5ce118b5	2019-04-11 11:17:55.000000 -0700	2019-04-11 10:37:07.000000 -0700	2019-04-10 03:59:00.000000 -0700	faf1d5800ffbff9533a8a735ff6eefdd	Checking Account	2065	Greg's Japanese Auto				n	-339169/100	-339169/100	1969-12-31 16:00:00.000000 -0800
===== END
===== START
C	6a84ebb91ec619eb86237c317325cb17	316dcdfb87389142f6e66e8659438a77	2019-04-11 11:18:23.000000 -0700	2019-04-11 11:18:23.000000 -0700	2019-04-11 03:59:00.000000 -0700	faf1d5800ffbff9533a8a735ff6eefdd	Checking Account		Office				n	-4570/100	-4570/100	1969-12-31 16:00:00.000000 -0800
C	6a84ebb91ec619eb86237c317325cb17	ed96f1ecefaf4ef76c6782f3f2004962	2019-04-11 11:18:23.000000 -0700	2019-04-11 11:18:23.000000 -0700	2019-04-11 03:59:00.000000 -0700	6972ca868d05ae239fb6d79faee626c4	Medical		Office				n	4570/100	4570/100	1969-12-31 16:00:00.000000 -0800
===== END
===== START
===== END
