mod	trans_guid	split_guid	time_now	date_entered	date_posted	acc_guid	acc_name	num	description	notes	memo	action	reconciled	amount	value	date_reconciled
-----------------
===== START
C	6d89d83bc767e4f5056415ad597c8901	7fad0733026154de26c96bdc5ce118b5	2019-04-11 10:37:07.000000 -0700	2019-04-11 10:37:07.000000 -0700	2019-04-11 03:59:00.000000 -0700	faf1d5800ffbff9533a8a735ff6eefdd	Checking Account	2065	Greg's Japanese Auto				n	-4914/100	-4914/100	1969-12-31 16:00:00.000000 -0800
C	6d89d83bc767e4f5056415ad597c8901	85fe4953929f32d6d03bd1a20d4f4c0f	2019-04-11 10:37:07.000000 -0700	2019-04-11 10:37:07.000000 -0700	2019-04-11 03:59:00.000000 -0700	3fae81bc408cb4e201a962c6e44c08d1	Imbalance-USD	2065	Greg's Japanese Auto				n	4914/100	4914/100	1969-12-31 16:00:00.000000 -0800
===== END
===== START
===== END
===== START
B	6d89d83bc767e4f5056415ad597c8901	85fe4953929f32d6d03bd1a20d4f4c0f	2019-04-11 10:37:25.000000 -0700	2019-04-11 10:37:07.000000 -0700	2019-04-11 03:59:00.000000 -0700	3fae81bc408cb4e201a962c6e44c08d1	Imbalance-USD	2065	Greg's Japanese Auto				n	4914/100	4914/100	1969-12-31 16:00:00.000000 -0800
B	6d89d83bc767e4f5056415ad597c8901	7fad0733026154de26c96bdc5ce118b5	2019-04-11 10:37:25.000000 -0700	2019-04-11 10:37:07.000000 -0700	2019-04-11 03:59:00.000000 -0700	faf1d5800ffbff9533a8a735ff6eefdd	Checking Account	2065	Greg's Japanese Auto				n	-4914/100	-4914/100	1969-12-31 16:00:00.000000 -0800
===== END
===== START
C	6d89d83bc767e4f5056415ad597c8901	85fe4953929f32d6d03bd1a20d4f4c0f	2019-04-11 10:37:25.000000 -0700	2019-04-11 10:37:07.000000 -0700	2019-04-11 03:59:00.000000 -0700	3fae81bc408cb4e201a962c6e44c08d1	Imbalance-USD	2065	Greg's Japanese Auto				n	339169/100	339169/100	1969-12-31 16:00:00.000000 -0800
C	6d89d83bc767e4f5056415ad597c8901	7fad0733026154de26c96bdc5ce118b5	2019-04-11 10:37:25.000000 -0700	2019-04-11 10:37:07.000000 -0700	2019-04-11 03:59:00.000000 -0700	faf1d5800ffbff9533a8a735ff6eefdd	Checking Account	2065	Greg's Japanese Auto				n	-339169/100	-339169/100	1969-12-31 16:00:00.000000 -0800
===== END
===== START
D	a74d12e90bd16bf9c49e9052972e56bc	d8a10da727684aa1417124503d5f8959	2019-04-11 10:37:38.000000 -0700	2019-04-11 10:37:38.000000 -0700	2019-04-11 03:59:00.000000 -0700								n	0/1	0/100	1969-12-31 16:00:00.000000 -0800
===== END
===== START
===== END
===== START
D	8c475a2ab2f777e3b7497f0d4ee47e3d	6a104068474ba8b105e3b869f237b8bb	2019-04-11 10:38:07.000000 -0700	2019-04-11 10:38:07.000000 -0700	2019-04-11 03:59:00.000000 -0700								n	0/1	0/100	1969-12-31 16:00:00.000000 -0800
===== END
===== START
===== END
===== START
B	6d89d83bc767e4f5056415ad597c8901	85fe4953929f32d6d03bd1a20d4f4c0f	2019-04-11 10:38:41.000000 -0700	2019-04-11 10:37:07.000000 -0700	2019-04-11 03:59:00.000000 -0700	3fae81bc408cb4e201a962c6e44c08d1	Imbalance-USD	2065	Greg's Japanese Auto				n	339169/100	339169/100	1969-12-31 16:00:00.000000 -0800
B	6d89d83bc767e4f5056415ad597c8901	7fad0733026154de26c96bdc5ce118b5	2019-04-11 10:38:41.000000 -0700	2019-04-11 10:37:07.000000 -0700	2019-04-11 03:59:00.000000 -0700	faf1d5800ffbff9533a8a735ff6eefdd	Checking Account	2065	Greg's Japanese Auto				n	-339169/100	-339169/100	1969-12-31 16:00:00.000000 -0800
===== END
===== START
C	6d89d83bc767e4f5056415ad597c8901	85fe4953929f32d6d03bd1a20d4f4c0f	2019-04-11 10:38:41.000000 -0700	2019-04-11 10:37:07.000000 -0700	2019-04-11 03:59:00.000000 -0700	d10a8af29b7591a68b85a06801f632ba	Auto	2065	Greg's Japanese Auto				n	339169/100	339169/100	1969-12-31 16:00:00.000000 -0800
C	6d89d83bc767e4f5056415ad597c8901	7fad0733026154de26c96bdc5ce118b5	2019-04-11 10:38:41.000000 -0700	2019-04-11 10:37:07.000000 -0700	2019-04-11 03:59:00.000000 -0700	faf1d5800ffbff9533a8a735ff6eefdd	Checking Account	2065	Greg's Japanese Auto				n	-339169/100	-339169/100	1969-12-31 16:00:00.000000 -0800
===== END
