mod	trans_guid	split_guid	time_now	date_entered	date_posted	acc_guid	acc_name	num	description	notes	memo	action	reconciled	amount	value	date_reconciled
-----------------
===== START
D	09e098d12a170c8718b05745db1a4adc	432c55da59aa8a293ddcc4ee5dffd563	2019-04-11 10:31:30.000000 -0700	2019-04-11 10:31:30.000000 -0700	2019-04-11 03:59:00.000000 -0700								n	0/1	0/100	1969-12-31 16:00:00.000000 -0800
===== END
===== START
===== END
===== START
C	43e9a8a4f969a3dd928ac8e70170f700	ffe7c3e80510cd81ab5e4c935febdc1a	2019-04-11 10:32:29.000000 -0700	2019-04-11 10:32:29.000000 -0700	2019-04-11 03:59:00.000000 -0700	84818a52d5861640d1b14d7144194709	Savings						n	220081/100	220081/100	1969-12-31 16:00:00.000000 -0800
C	43e9a8a4f969a3dd928ac8e70170f700	bce9b8730423e56d46289cab2c2ef8b7	2019-04-11 10:32:29.000000 -0700	2019-04-11 10:32:29.000000 -0700	2019-04-11 03:59:00.000000 -0700	3fae81bc408cb4e201a962c6e44c08d1	Imbalance-USD						n	-220081/100	-220081/100	1969-12-31 16:00:00.000000 -0800
===== END
===== START
===== END
===== START
D	a86445bc3b60faa29c469f0274a3b9c3	eb32bf695778b96c321e9e75e88d319f	2019-04-11 10:32:33.000000 -0700	2019-04-11 10:32:33.000000 -0700	2019-04-11 03:59:00.000000 -0700								n	0/1	0/100	1969-12-31 16:00:00.000000 -0800
===== END
===== START
===== END
===== START
B	43e9a8a4f969a3dd928ac8e70170f700	ffe7c3e80510cd81ab5e4c935febdc1a	2019-04-11 10:33:01.000000 -0700	2019-04-11 10:32:29.000000 -0700	2019-04-11 03:59:00.000000 -0700	84818a52d5861640d1b14d7144194709	Savings						n	220081/100	220081/100	1969-12-31 16:00:00.000000 -0800
B	43e9a8a4f969a3dd928ac8e70170f700	bce9b8730423e56d46289cab2c2ef8b7	2019-04-11 10:33:01.000000 -0700	2019-04-11 10:32:29.000000 -0700	2019-04-11 03:59:00.000000 -0700	3fae81bc408cb4e201a962c6e44c08d1	Imbalance-USD						n	-220081/100	-220081/100	1969-12-31 16:00:00.000000 -0800
===== END
===== START
C	43e9a8a4f969a3dd928ac8e70170f700	ffe7c3e80510cd81ab5e4c935febdc1a	2019-04-11 10:33:01.000000 -0700	2019-04-11 10:32:29.000000 -0700	2019-04-11 03:59:00.000000 -0700	84818a52d5861640d1b14d7144194709	Savings						n	220081/100	220081/100	1969-12-31 16:00:00.000000 -0800
C	43e9a8a4f969a3dd928ac8e70170f700	bce9b8730423e56d46289cab2c2ef8b7	2019-04-11 10:33:01.000000 -0700	2019-04-11 10:32:29.000000 -0700	2019-04-11 03:59:00.000000 -0700	37c7f737853bf7e36e61d758920c63fa	Opening Balances						n	-220081/100	-220081/100	1969-12-31 16:00:00.000000 -0800
===== END
===== START
D	4b6c5c8d228c0e6ba6270cc4188979bc	32b20b03aae58cb944c56d172f73209e	2019-04-11 10:33:01.000000 -0700	2019-04-11 10:33:01.000000 -0700	2019-04-11 03:59:00.000000 -0700								n	0/1	0/100	1969-12-31 16:00:00.000000 -0800
===== END
===== START
===== END
===== START
B	818cc5f845fed49453ee8cdfbb86550c	1a3d3a5971fcb68da8d5c47811c95bc2	2019-04-11 10:33:19.000000 -0700	2019-04-11 10:26:09.000000 -0700	2019-04-11 03:59:00.000000 -0700	faf1d5800ffbff9533a8a735ff6eefdd	Checking Account		starting				n	584852/100	584852/100	1969-12-31 16:00:00.000000 -0800
B	818cc5f845fed49453ee8cdfbb86550c	3401394632115d05c0c67231f711c797	2019-04-11 10:33:19.000000 -0700	2019-04-11 10:26:09.000000 -0700	2019-04-11 03:59:00.000000 -0700	faf1d5800ffbff9533a8a735ff6eefdd	Checking Account		starting				n	-584852/100	-584852/100	1969-12-31 16:00:00.000000 -0800
===== END
===== START
C	818cc5f845fed49453ee8cdfbb86550c	1a3d3a5971fcb68da8d5c47811c95bc2	2019-04-11 10:33:25.000000 -0700	2019-04-11 10:26:09.000000 -0700	2019-04-11 03:59:00.000000 -0700	37c7f737853bf7e36e61d758920c63fa	Opening Balances		starting				n	584852/100	584852/100	1969-12-31 16:00:00.000000 -0800
C	818cc5f845fed49453ee8cdfbb86550c	3401394632115d05c0c67231f711c797	2019-04-11 10:33:25.000000 -0700	2019-04-11 10:26:09.000000 -0700	2019-04-11 03:59:00.000000 -0700	faf1d5800ffbff9533a8a735ff6eefdd	Checking Account		starting				n	-584852/100	-584852/100	1969-12-31 16:00:00.000000 -0800
===== END
===== START
D	e145b3a2953749e9d5d8670be0276eff	90a007d9da019277f28cd001fa947c93	2019-04-11 10:33:25.000000 -0700	2019-04-11 10:33:25.000000 -0700	2019-04-11 03:59:00.000000 -0700								n	0/1	0/100	1969-12-31 16:00:00.000000 -0800
===== END
===== START
===== END
===== START
B	818cc5f845fed49453ee8cdfbb86550c	1a3d3a5971fcb68da8d5c47811c95bc2	2019-04-11 10:33:48.000000 -0700	2019-04-11 10:26:09.000000 -0700	2019-04-11 03:59:00.000000 -0700	37c7f737853bf7e36e61d758920c63fa	Opening Balances		starting				n	584852/100	584852/100	1969-12-31 16:00:00.000000 -0800
B	818cc5f845fed49453ee8cdfbb86550c	3401394632115d05c0c67231f711c797	2019-04-11 10:33:48.000000 -0700	2019-04-11 10:26:09.000000 -0700	2019-04-11 03:59:00.000000 -0700	faf1d5800ffbff9533a8a735ff6eefdd	Checking Account		starting				n	-584852/100	-584852/100	1969-12-31 16:00:00.000000 -0800
===== END
===== START
C	818cc5f845fed49453ee8cdfbb86550c	1a3d3a5971fcb68da8d5c47811c95bc2	2019-04-11 10:33:48.000000 -0700	2019-04-11 10:26:09.000000 -0700	2019-04-11 03:59:00.000000 -0700	37c7f737853bf7e36e61d758920c63fa	Opening Balances		starting				n	0/100	0/100	1969-12-31 16:00:00.000000 -0800
C	818cc5f845fed49453ee8cdfbb86550c	3401394632115d05c0c67231f711c797	2019-04-11 10:33:48.000000 -0700	2019-04-11 10:26:09.000000 -0700	2019-04-11 03:59:00.000000 -0700	faf1d5800ffbff9533a8a735ff6eefdd	Checking Account		starting				n	0/100	0/100	1969-12-31 16:00:00.000000 -0800
===== END
===== START
B	818cc5f845fed49453ee8cdfbb86550c	1a3d3a5971fcb68da8d5c47811c95bc2	2019-04-11 10:34:23.000000 -0700	2019-04-11 10:26:09.000000 -0700	2019-04-11 03:59:00.000000 -0700	37c7f737853bf7e36e61d758920c63fa	Opening Balances		starting				n	0/100	0/100	1969-12-31 16:00:00.000000 -0800
B	818cc5f845fed49453ee8cdfbb86550c	3401394632115d05c0c67231f711c797	2019-04-11 10:34:23.000000 -0700	2019-04-11 10:26:09.000000 -0700	2019-04-11 03:59:00.000000 -0700	faf1d5800ffbff9533a8a735ff6eefdd	Checking Account		starting				n	0/100	0/100	1969-12-31 16:00:00.000000 -0800
===== END
===== START
C	818cc5f845fed49453ee8cdfbb86550c	1a3d3a5971fcb68da8d5c47811c95bc2	2019-04-11 10:34:23.000000 -0700	2019-04-11 10:26:09.000000 -0700	2019-04-11 03:59:00.000000 -0700	37c7f737853bf7e36e61d758920c63fa	Opening Balances		starting				n	-584852/100	-584852/100	1969-12-31 16:00:00.000000 -0800
C	818cc5f845fed49453ee8cdfbb86550c	3401394632115d05c0c67231f711c797	2019-04-11 10:34:23.000000 -0700	2019-04-11 10:26:09.000000 -0700	2019-04-11 03:59:00.000000 -0700	faf1d5800ffbff9533a8a735ff6eefdd	Checking Account		starting				n	584852/100	584852/100	1969-12-31 16:00:00.000000 -0800
===== END
===== START
D	505916dc8fd966d300456a3f6b167de8	16de179a545c8133f789267547f36645	2019-04-11 10:34:27.000000 -0700	2019-04-11 10:34:27.000000 -0700	2019-04-11 03:59:00.000000 -0700								n	0/1	0/100	1969-12-31 16:00:00.000000 -0800
===== END
===== START
===== END
